0 info it worked if it ends with ok
1 verbose cli [ 'C:\\Program Files\\nodejs\\node.exe',
1 verbose cli   'C:\\Program Files\\nodejs\\node_modules\\npm\\bin\\npm-cli.js',
1 verbose cli   '-g',
1 verbose cli   'install',
1 verbose cli   'coffeescript' ]
2 info using npm@2.14.7
3 info using node@v4.2.1
4 verbose install initial load of C:\Users\Administrator\AppData\Roaming\npm\package.json
5 verbose readDependencies loading dependencies from C:\Users\Administrator\AppData\Roaming\npm\package.json
6 silly cache add args [ 'coffeescript', null ]
7 verbose cache add spec coffeescript
8 silly cache add parsed spec Result {
8 silly cache add   raw: 'coffeescript',
8 silly cache add   scope: null,
8 silly cache add   name: 'coffeescript',
8 silly cache add   rawSpec: '',
8 silly cache add   spec: '*',
8 silly cache add   type: 'range' }
9 silly addNamed coffeescript@*
10 verbose addNamed "*" is a valid semver range for coffeescript
11 silly addNameRange { name: 'coffeescript', range: '*', hasData: false }
12 silly mapToRegistry name coffeescript
13 silly mapToRegistry using default registry
14 silly mapToRegistry registry https://registry.npmjs.org/
15 silly mapToRegistry uri https://registry.npmjs.org/coffeescript
16 verbose addNameRange registry:https://registry.npmjs.org/coffeescript not in flight; fetching
17 verbose request uri https://registry.npmjs.org/coffeescript
18 verbose request no auth needed
19 info attempt registry request try #1 at 09:55:29
20 verbose request id 0af34ae2248872db
21 http request GET https://registry.npmjs.org/coffeescript
22 http 200 https://registry.npmjs.org/coffeescript
23 verbose headers { server: 'CouchDB/1.5.0 (Erlang OTP/R16B03)',
23 verbose headers   etag: '"5NUPLG6Y5EF1A8UGY5M2G8ZDG"',
23 verbose headers   'content-type': 'application/json',
23 verbose headers   'cache-control': 'max-age=60',
23 verbose headers   'content-length': '1522',
23 verbose headers   'accept-ranges': 'bytes',
23 verbose headers   date: 'Tue, 27 Oct 2015 01:55:34 GMT',
23 verbose headers   via: '1.1 varnish',
23 verbose headers   age: '0',
23 verbose headers   connection: 'keep-alive',
23 verbose headers   'x-served-by': 'cache-ams4127-AMS',
23 verbose headers   'x-cache': 'MISS',
23 verbose headers   'x-cache-hits': '0',
23 verbose headers   'x-timer': 'S1445910933.308653,VS0,VE725',
23 verbose headers   vary: 'Accept' }
24 silly get cb [ 200,
24 silly get   { server: 'CouchDB/1.5.0 (Erlang OTP/R16B03)',
24 silly get     etag: '"5NUPLG6Y5EF1A8UGY5M2G8ZDG"',
24 silly get     'content-type': 'application/json',
24 silly get     'cache-control': 'max-age=60',
24 silly get     'content-length': '1522',
24 silly get     'accept-ranges': 'bytes',
24 silly get     date: 'Tue, 27 Oct 2015 01:55:34 GMT',
24 silly get     via: '1.1 varnish',
24 silly get     age: '0',
24 silly get     connection: 'keep-alive',
24 silly get     'x-served-by': 'cache-ams4127-AMS',
24 silly get     'x-cache': 'MISS',
24 silly get     'x-cache-hits': '0',
24 silly get     'x-timer': 'S1445910933.308653,VS0,VE725',
24 silly get     vary: 'Accept' } ]
25 verbose get saving coffeescript to C:\Users\Administrator\AppData\Roaming\npm-cache\registry.npmjs.org\coffeescript\.cache.json
26 silly addNameRange number 2 { name: 'coffeescript', range: '*', hasData: true }
27 silly addNameRange versions [ 'coffeescript', [ '99.999.9999', '99.999.99999' ] ]
28 silly addNamed coffeescript@99.999.99999
29 verbose addNamed "99.999.99999" is a plain semver version for coffeescript
30 warn deprecated coffeescript@99.999.99999: You misspelled 'coffee-script'
31 silly mapToRegistry name coffeescript
32 silly mapToRegistry using default registry
33 silly mapToRegistry registry https://registry.npmjs.org/
34 silly mapToRegistry uri https://registry.npmjs.org/coffeescript
35 verbose addRemoteTarball https://registry.npmjs.org/coffeescript/-/coffeescript-99.999.99999.tgz not in flight; adding
36 verbose addRemoteTarball [ 'https://registry.npmjs.org/coffeescript/-/coffeescript-99.999.99999.tgz',
36 verbose addRemoteTarball   '98f6a60410f827dcb06c067db5539c03c932ad75' ]
37 info retry fetch attempt 1 at 09:55:32
38 info attempt registry request try #1 at 09:55:32
39 http fetch GET https://registry.npmjs.org/coffeescript/-/coffeescript-99.999.99999.tgz
40 http fetch 200 https://registry.npmjs.org/coffeescript/-/coffeescript-99.999.99999.tgz
41 silly fetchAndShaCheck shasum 98f6a60410f827dcb06c067db5539c03c932ad75
42 verbose addTmpTarball C:\Users\ADMINI~1\AppData\Local\Temp\npm-5008-fe3a63a8\registry.npmjs.org\coffeescript\-\coffeescript-99.999.99999.tgz not in flight; adding
43 verbose addTmpTarball already have metadata; skipping unpack for coffeescript@99.999.99999
44 silly cache afterAdd coffeescript@99.999.99999
45 verbose afterAdd C:\Users\Administrator\AppData\Roaming\npm-cache\coffeescript\99.999.99999\package\package.json not in flight; writing
46 verbose afterAdd C:\Users\Administrator\AppData\Roaming\npm-cache\coffeescript\99.999.99999\package\package.json written
47 silly install resolved [ { name: 'coffeescript',
47 silly install resolved     version: '99.999.99999',
47 silly install resolved     scripts: { preinstall: 'node super-evil-script-omg-for-reals.js' },
47 silly install resolved     _id: 'coffeescript@99.999.99999',
47 silly install resolved     dist:
47 silly install resolved      { shasum: '98f6a60410f827dcb06c067db5539c03c932ad75',
47 silly install resolved        tarball: 'http://registry.npmjs.org/coffeescript/-/coffeescript-99.999.99999.tgz' },
47 silly install resolved     _from: 'coffeescript@*',
47 silly install resolved     _npmVersion: '1.4.4',
47 silly install resolved     _npmUser: { name: 'isaacs', email: 'i@izs.me' },
47 silly install resolved     maintainers: [ [Object] ],
47 silly install resolved     deprecated: 'You misspelled \'coffee-script\'',
47 silly install resolved     directories: {},
47 silly install resolved     _shasum: '98f6a60410f827dcb06c067db5539c03c932ad75',
47 silly install resolved     _resolved: 'https://registry.npmjs.org/coffeescript/-/coffeescript-99.999.99999.tgz' } ]
48 info install coffeescript@99.999.99999 into C:\Users\Administrator\AppData\Roaming\npm
49 info installOne coffeescript@99.999.99999
50 verbose installOne of coffeescript to C:\Users\Administrator\AppData\Roaming\npm not in flight; installing
51 verbose lock using C:\Users\Administrator\AppData\Roaming\npm-cache\_locks\coffeescript-b02a6063fe4c57e1.lock for C:\Users\Administrator\AppData\Roaming\npm\node_modules\coffeescript
52 silly install write writing coffeescript 99.999.99999 to C:\Users\Administrator\AppData\Roaming\npm\node_modules\coffeescript
53 verbose unbuild node_modules\coffeescript
54 silly gentlyRm C:\Users\Administrator\AppData\Roaming\npm\node_modules\coffeescript is being purged from base C:\Users\Administrator\AppData\Roaming\npm
55 verbose gentlyRm don't care about contents; nuking C:\Users\Administrator\AppData\Roaming\npm\node_modules\coffeescript
56 verbose tar unpack C:\Users\Administrator\AppData\Roaming\npm-cache\coffeescript\99.999.99999\package.tgz
57 verbose tar unpacking to C:\Users\Administrator\AppData\Roaming\npm\node_modules\coffeescript
58 silly gentlyRm C:\Users\Administrator\AppData\Roaming\npm\node_modules\coffeescript is being purged
59 verbose gentlyRm don't care about contents; nuking C:\Users\Administrator\AppData\Roaming\npm\node_modules\coffeescript
60 silly gunzTarPerm modes [ '777', '666' ]
61 silly gunzTarPerm extractEntry package.json
62 silly gunzTarPerm modified mode [ 'package.json', 420, 438 ]
63 silly gunzTarPerm extractEntry super-evil-script-omg-for-reals.js
64 silly gunzTarPerm modified mode [ 'super-evil-script-omg-for-reals.js', 420, 438 ]
65 verbose write writing to C:\Users\Administrator\AppData\Roaming\npm\node_modules\coffeescript\package.json
66 info preinstall coffeescript@99.999.99999
67 verbose unsafe-perm in lifecycle true
68 info coffeescript@99.999.99999 Failed to exec preinstall script
69 verbose unlock done using C:\Users\Administrator\AppData\Roaming\npm-cache\_locks\coffeescript-b02a6063fe4c57e1.lock for C:\Users\Administrator\AppData\Roaming\npm\node_modules\coffeescript
70 verbose stack Error: coffeescript@99.999.99999 preinstall: `node super-evil-script-omg-for-reals.js`
70 verbose stack Exit status 1
70 verbose stack     at EventEmitter.<anonymous> (C:\Program Files\nodejs\node_modules\npm\lib\utils\lifecycle.js:214:16)
70 verbose stack     at emitTwo (events.js:87:13)
70 verbose stack     at EventEmitter.emit (events.js:172:7)
70 verbose stack     at ChildProcess.<anonymous> (C:\Program Files\nodejs\node_modules\npm\lib\utils\spawn.js:24:14)
70 verbose stack     at emitTwo (events.js:87:13)
70 verbose stack     at ChildProcess.emit (events.js:172:7)
70 verbose stack     at maybeClose (internal/child_process.js:818:16)
70 verbose stack     at Process.ChildProcess._handle.onexit (internal/child_process.js:211:5)
71 verbose pkgid coffeescript@99.999.99999
72 verbose cwd E:\webStrom\ThirdLabrary
73 error Windows_NT 6.1.7601
74 error argv "C:\\Program Files\\nodejs\\node.exe" "C:\\Program Files\\nodejs\\node_modules\\npm\\bin\\npm-cli.js" "-g" "install" "coffeescript"
75 error node v4.2.1
76 error npm  v2.14.7
77 error code ELIFECYCLE
78 error coffeescript@99.999.99999 preinstall: `node super-evil-script-omg-for-reals.js`
78 error Exit status 1
79 error Failed at the coffeescript@99.999.99999 preinstall script 'node super-evil-script-omg-for-reals.js'.
79 error This is most likely a problem with the coffeescript package,
79 error not with npm itself.
79 error Tell the author that this fails on your system:
79 error     node super-evil-script-omg-for-reals.js
79 error You can get their info via:
79 error     npm owner ls coffeescript
79 error There is likely additional logging output above.
80 verbose exit [ 1, true ]
81 verbose unbuild node_modules\coffeescript
82 info preuninstall coffeescript@99.999.99999
83 info uninstall coffeescript@99.999.99999
84 verbose unbuild rmStuff coffeescript@99.999.99999 from C:\Users\Administrator\AppData\Roaming\npm\node_modules
85 info postuninstall coffeescript@99.999.99999
86 silly gentlyRm C:\Users\Administrator\AppData\Roaming\npm\node_modules\coffeescript is being purged from base C:\Users\Administrator\AppData\Roaming\npm
87 verbose gentlyRm don't care about contents; nuking C:\Users\Administrator\AppData\Roaming\npm\node_modules\coffeescript
88 silly vacuum-fs purging C:\Users\Administrator\AppData\Roaming\npm\node_modules\coffeescript
89 silly vacuum-fs quitting because other entries in C:\Users\Administrator\AppData\Roaming\npm\node_modules
